/!\ FAILSAFE /!\  2012-12-18 15:09:32 +0100
  Status: 500 Internal Server Error
  no such file to load -- sqlite3
    /home/ntrlabs/workspace/gems/ruby/1.9.2/gems/activesupport-2.3.8/lib/active_support/dependencies.rb:156:in `require'
    /home/ntrlabs/workspace/gems/ruby/1.9.2/gems/activesupport-2.3.8/lib/active_support/dependencies.rb:156:in `block in require'
    /home/ntrlabs/workspace/gems/ruby/1.9.2/gems/activesupport-2.3.8/lib/active_support/dependencies.rb:521:in `new_constants_in'
    /home/ntrlabs/workspace/gems/ruby/1.9.2/gems/activesupport-2.3.8/lib/active_support/dependencies.rb:156:in `require'
    /home/ntrlabs/workspace/gems/ruby/1.9.2/gems/activesupport-2.3.8/lib/active_support/core_ext/kernel/requires.rb:7:in `block in require_library_or_gem'
    /home/ntrlabs/workspace/gems/ruby/1.9.2/gems/activesupport-2.3.8/lib/active_support/core_ext/kernel/reporting.rb:11:in `silence_warnings'
    /home/ntrlabs/workspace/gems/ruby/1.9.2/gems/activesupport-2.3.8/lib/active_support/core_ext/kernel/requires.rb:5:in `require_library_or_gem'
    /home/ntrlabs/workspace/gems/ruby/1.9.2/gems/activerecord-2.3.8/lib/active_record/connection_adapters/sqlite3_adapter.rb:10:in `sqlite3_connection'
    /home/ntrlabs/workspace/gems/ruby/1.9.2/gems/activerecord-2.3.8/lib/active_record/connection_adapters/abstract/connection_pool.rb:223:in `new_connection'
    /home/ntrlabs/workspace/gems/ruby/1.9.2/gems/activerecord-2.3.8/lib/active_record/connection_adapters/abstract/connection_pool.rb:245:in `checkout_new_connection'
    /home/ntrlabs/workspace/gems/ruby/1.9.2/gems/activerecord-2.3.8/lib/active_record/connection_adapters/abstract/connection_pool.rb:188:in `block (2 levels) in checkout'
    /home/ntrlabs/workspace/gems/ruby/1.9.2/gems/activerecord-2.3.8/lib/active_record/connection_adapters/abstract/connection_pool.rb:184:in `loop'
    /home/ntrlabs/workspace/gems/ruby/1.9.2/gems/activerecord-2.3.8/lib/active_record/connection_adapters/abstract/connection_pool.rb:184:in `block in checkout'
    /usr/lib/ruby/1.9.2/monitor.rb:201:in `mon_synchronize'
    /home/ntrlabs/workspace/gems/ruby/1.9.2/gems/activerecord-2.3.8/lib/active_record/connection_adapters/abstract/connection_pool.rb:183:in `checkout'
    /home/ntrlabs/workspace/gems/ruby/1.9.2/gems/activerecord-2.3.8/lib/active_record/connection_adapters/abstract/connection_pool.rb:98:in `connection'
    /home/ntrlabs/workspace/gems/ruby/1.9.2/gems/activerecord-2.3.8/lib/active_record/connection_adapters/abstract/connection_pool.rb:326:in `retrieve_connection'
    /home/ntrlabs/workspace/gems/ruby/1.9.2/gems/activerecord-2.3.8/lib/active_record/connection_adapters/abstract/connection_specification.rb:123:in `retrieve_connection'
    /home/ntrlabs/workspace/gems/ruby/1.9.2/gems/activerecord-2.3.8/lib/active_record/connection_adapters/abstract/connection_specification.rb:115:in `connection'
    /home/ntrlabs/workspace/gems/ruby/1.9.2/gems/activerecord-2.3.8/lib/active_record/query_cache.rb:9:in `cache'
    /home/ntrlabs/workspace/gems/ruby/1.9.2/gems/activerecord-2.3.8/lib/active_record/query_cache.rb:28:in `call'
    /home/ntrlabs/workspace/gems/ruby/1.9.2/gems/activerecord-2.3.8/lib/active_record/connection_adapters/abstract/connection_pool.rb:361:in `call'
    /home/ntrlabs/workspace/gems/ruby/1.9.2/gems/actionpack-2.3.8/lib/action_controller/string_coercion.rb:25:in `call'
    /home/ntrlabs/workspace/gems/ruby/1.9.2/gems/rack-1.1.3/lib/rack/head.rb:9:in `call'
    /home/ntrlabs/workspace/gems/ruby/1.9.2/gems/rack-1.1.3/lib/rack/methodoverride.rb:24:in `call'
    /home/ntrlabs/workspace/gems/ruby/1.9.2/gems/actionpack-2.3.8/lib/action_controller/params_parser.rb:15:in `call'
    /home/ntrlabs/workspace/gems/ruby/1.9.2/gems/actionpack-2.3.8/lib/action_controller/session/cookie_store.rb:99:in `call'
    /home/ntrlabs/workspace/gems/ruby/1.9.2/gems/actionpack-2.3.8/lib/action_controller/failsafe.rb:26:in `call'
    /home/ntrlabs/workspace/gems/ruby/1.9.2/gems/rack-1.1.3/lib/rack/lock.rb:11:in `block in call'
    <internal:prelude>:10:in `synchronize'
    /home/ntrlabs/workspace/gems/ruby/1.9.2/gems/rack-1.1.3/lib/rack/lock.rb:11:in `call'
    /home/ntrlabs/workspace/gems/ruby/1.9.2/gems/actionpack-2.3.8/lib/action_controller/dispatcher.rb:114:in `block in call'
    /home/ntrlabs/workspace/gems/ruby/1.9.2/gems/actionpack-2.3.8/lib/action_controller/reloader.rb:34:in `run'
    /home/ntrlabs/workspace/gems/ruby/1.9.2/gems/actionpack-2.3.8/lib/action_controller/dispatcher.rb:108:in `call'
    /home/ntrlabs/workspace/gems/ruby/1.9.2/gems/thin-1.5.0/lib/rack/adapter/rails.rb:69:in `call'
    /home/ntrlabs/workspace/gems/ruby/1.9.2/gems/thin-1.5.0/lib/thin/connection.rb:81:in `block in pre_process'
    /home/ntrlabs/workspace/gems/ruby/1.9.2/gems/thin-1.5.0/lib/thin/connection.rb:79:in `catch'
    /home/ntrlabs/workspace/gems/ruby/1.9.2/gems/thin-1.5.0/lib/thin/connection.rb:79:in `pre_process'
    /home/ntrlabs/workspace/gems/ruby/1.9.2/gems/thin-1.5.0/lib/thin/connection.rb:54:in `process'
    /home/ntrlabs/workspace/gems/ruby/1.9.2/gems/thin-1.5.0/lib/thin/connection.rb:39:in `receive_data'
    /home/ntrlabs/workspace/gems/ruby/1.9.2/gems/eventmachine-1.0.0/lib/eventmachine.rb:187:in `run_machine'
    /home/ntrlabs/workspace/gems/ruby/1.9.2/gems/eventmachine-1.0.0/lib/eventmachine.rb:187:in `run'
    /home/ntrlabs/workspace/gems/ruby/1.9.2/gems/thin-1.5.0/lib/thin/backends/base.rb:63:in `start'
    /home/ntrlabs/workspace/gems/ruby/1.9.2/gems/thin-1.5.0/lib/thin/server.rb:159:in `start'
    /home/ntrlabs/workspace/gems/ruby/1.9.2/gems/thin-1.5.0/lib/thin/controllers/controller.rb:86:in `start'
    /home/ntrlabs/workspace/gems/ruby/1.9.2/gems/thin-1.5.0/lib/thin/runner.rb:187:in `run_command'
    /home/ntrlabs/workspace/gems/ruby/1.9.2/gems/thin-1.5.0/lib/thin/runner.rb:152:in `run!'
    /home/ntrlabs/workspace/gems/ruby/1.9.2/gems/thin-1.5.0/bin/thin:6:in `<top (required)>'
    /home/ntrlabs/workspace/gems/ruby/1.9.2/bin/thin:19:in `load'
    /home/ntrlabs/workspace/gems/ruby/1.9.2/bin/thin:19:in `<main>'


Processing HelloController#world (for 192.168.0.196 at 2012-12-18 15:10:32) [GET]
Completed in 5ms (View: 1, DB: 0) | 200 OK [http://10.3.0.101/hello/world]


Processing HelloController#world (for 192.168.0.196 at 2012-12-18 15:11:15) [GET]

NameError (uninitialized constant EventMachine::HttpRequest):
  app/controllers/hello_controller.rb:3:in `world'
  <internal:prelude>:10:in `synchronize'
  thin (1.5.0) lib/thin/connection.rb:81:in `block in pre_process'
  thin (1.5.0) lib/thin/connection.rb:79:in `catch'
  thin (1.5.0) lib/thin/connection.rb:79:in `pre_process'
  thin (1.5.0) lib/thin/connection.rb:54:in `process'
  thin (1.5.0) lib/thin/connection.rb:39:in `receive_data'
  eventmachine (1.0.0) lib/eventmachine.rb:187:in `run_machine'
  eventmachine (1.0.0) lib/eventmachine.rb:187:in `run'
  thin (1.5.0) lib/thin/backends/base.rb:63:in `start'
  thin (1.5.0) lib/thin/server.rb:159:in `start'
  thin (1.5.0) lib/thin/controllers/controller.rb:86:in `start'
  thin (1.5.0) lib/thin/runner.rb:187:in `run_command'
  thin (1.5.0) lib/thin/runner.rb:152:in `run!'
  thin (1.5.0) bin/thin:6:in `<top (required)>'
  /home/ntrlabs/workspace/gems/ruby/1.9.2/bin/thin:19:in `load'
  /home/ntrlabs/workspace/gems/ruby/1.9.2/bin/thin:19:in `<main>'

Rendered rescues/_trace (47.7ms)
Rendered rescues/_request_and_response (2.7ms)
Rendering rescues/layout (internal_server_error)


Processing HelloController#world (for 192.168.0.196 at 2012-12-18 15:12:34) [GET]

NameError (uninitialized constant EventMachine::HttpRequest):
  app/controllers/hello_controller.rb:3:in `world'
  <internal:prelude>:10:in `synchronize'
  thin (1.5.0) lib/thin/connection.rb:81:in `block in pre_process'
  thin (1.5.0) lib/thin/connection.rb:79:in `catch'
  thin (1.5.0) lib/thin/connection.rb:79:in `pre_process'
  thin (1.5.0) lib/thin/connection.rb:54:in `process'
  thin (1.5.0) lib/thin/connection.rb:39:in `receive_data'
  eventmachine (1.0.0) lib/eventmachine.rb:187:in `run_machine'
  eventmachine (1.0.0) lib/eventmachine.rb:187:in `run'
  thin (1.5.0) lib/thin/backends/base.rb:63:in `start'
  thin (1.5.0) lib/thin/server.rb:159:in `start'
  thin (1.5.0) lib/thin/controllers/controller.rb:86:in `start'
  thin (1.5.0) lib/thin/runner.rb:187:in `run_command'
  thin (1.5.0) lib/thin/runner.rb:152:in `run!'
  thin (1.5.0) bin/thin:6:in `<top (required)>'
  /home/ntrlabs/workspace/gems/ruby/1.9.2/bin/thin:19:in `load'
  /home/ntrlabs/workspace/gems/ruby/1.9.2/bin/thin:19:in `<main>'

Rendered rescues/_trace (51.1ms)
Rendered rescues/_request_and_response (2.4ms)
Rendering rescues/layout (internal_server_error)


Processing HelloController#world (for 192.168.0.196 at 2012-12-18 15:13:04) [GET]

NameError (uninitialized constant EventMachine::HttpRequest):
  app/controllers/hello_controller.rb:3:in `world'
  <internal:prelude>:10:in `synchronize'
  thin (1.5.0) lib/thin/connection.rb:81:in `block in pre_process'
  thin (1.5.0) lib/thin/connection.rb:79:in `catch'
  thin (1.5.0) lib/thin/connection.rb:79:in `pre_process'
  thin (1.5.0) lib/thin/connection.rb:54:in `process'
  thin (1.5.0) lib/thin/connection.rb:39:in `receive_data'
  eventmachine (1.0.0) lib/eventmachine.rb:187:in `run_machine'
  eventmachine (1.0.0) lib/eventmachine.rb:187:in `run'
  thin (1.5.0) lib/thin/backends/base.rb:63:in `start'
  thin (1.5.0) lib/thin/server.rb:159:in `start'
  thin (1.5.0) lib/thin/controllers/controller.rb:86:in `start'
  thin (1.5.0) lib/thin/runner.rb:187:in `run_command'
  thin (1.5.0) lib/thin/runner.rb:152:in `run!'
  thin (1.5.0) bin/thin:6:in `<top (required)>'
  /home/ntrlabs/workspace/gems/ruby/1.9.2/bin/thin:19:in `load'
  /home/ntrlabs/workspace/gems/ruby/1.9.2/bin/thin:19:in `<main>'

Rendered rescues/_trace (92.8ms)
Rendered rescues/_request_and_response (5.4ms)
Rendering rescues/layout (internal_server_error)


Processing HelloController#world (for 192.168.0.196 at 2012-12-18 15:13:57) [GET]
Completed in 7ms (View: 1, DB: 0) | 200 OK [http://10.3.0.101/hello/world]


Processing HelloController#world2 (for 10.3.0.101 at 2012-12-18 15:13:57) [GET]
Completed in 5ms (View: 1, DB: 0) | 200 OK [http://10.3.0.101/hello/world2]


Processing HelloController#world (for 192.168.0.196 at 2012-12-18 15:14:54) [GET]

RuntimeError (eventmachine not initialized: evma_connect_to_server):
  eventmachine (1.0.0) lib/eventmachine.rb:664:in `connect_server'
  eventmachine (1.0.0) lib/eventmachine.rb:664:in `bind_connect'
  /home/ntrlabs/workspace/gems/ruby/1.9.2/gems/em-http-request-1.0.3/lib/em-http/http_connection.rb:54:in `activate_connection'
  /home/ntrlabs/workspace/gems/ruby/1.9.2/gems/em-http-request-1.0.3/lib/em-http/http_connection.rb:89:in `setup_request'
  /home/ntrlabs/workspace/gems/ruby/1.9.2/gems/em-http-request-1.0.3/lib/em-http/http_connection.rb:4:in `get'
  app/controllers/hello_controller.rb:5:in `world'
  <internal:prelude>:10:in `synchronize'
  /usr/lib/ruby/1.9.2/webrick/httpserver.rb:111:in `service'
  /usr/lib/ruby/1.9.2/webrick/httpserver.rb:70:in `run'
  /usr/lib/ruby/1.9.2/webrick/server.rb:183:in `block in start_thread'

Rendered rescues/_trace (51.4ms)
Rendered rescues/_request_and_response (2.7ms)
Rendering rescues/layout (internal_server_error)


Processing HelloController#world (for 192.168.0.196 at 2012-12-18 15:16:41) [GET]

Timeout::Error (Timeout::Error):
  /usr/lib/ruby/1.9.2/net/protocol.rb:140:in `rescue in rbuf_fill'
  /usr/lib/ruby/1.9.2/net/protocol.rb:134:in `rbuf_fill'
  /usr/lib/ruby/1.9.2/net/protocol.rb:116:in `readuntil'
  /usr/lib/ruby/1.9.2/net/protocol.rb:126:in `readline'
  /usr/lib/ruby/1.9.2/net/http.rb:2211:in `read_status_line'
  /usr/lib/ruby/1.9.2/net/http.rb:2200:in `read_new'
  /usr/lib/ruby/1.9.2/net/http.rb:1183:in `transport_request'
  /usr/lib/ruby/1.9.2/net/http.rb:1169:in `request'
  /usr/lib/ruby/1.9.2/net/http.rb:1073:in `request_get'
  /usr/lib/ruby/1.9.2/net/http.rb:394:in `block in get_response'
  /usr/lib/ruby/1.9.2/net/http.rb:627:in `start'
  /usr/lib/ruby/1.9.2/net/http.rb:393:in `get_response'
  app/controllers/hello_controller.rb:4:in `world'
  <internal:prelude>:10:in `synchronize'
  /usr/lib/ruby/1.9.2/webrick/httpserver.rb:111:in `service'
  /usr/lib/ruby/1.9.2/webrick/httpserver.rb:70:in `run'
  /usr/lib/ruby/1.9.2/webrick/server.rb:183:in `block in start_thread'

Rendered rescues/_trace (44.2ms)
Rendered rescues/_request_and_response (0.7ms)
Rendering rescues/layout (internal_server_error)


Processing HelloController#world2 (for 10.3.0.101 at 2012-12-18 15:17:41) [GET]
Completed in 8ms (View: 3, DB: 0) | 200 OK [http://10.3.0.101/hello/world2]


Processing HelloController#world (for 192.168.0.196 at 2012-12-18 15:18:34) [GET]

Timeout::Error (Timeout::Error):
  /usr/lib/ruby/1.9.2/net/protocol.rb:140:in `rescue in rbuf_fill'
  /usr/lib/ruby/1.9.2/net/protocol.rb:134:in `rbuf_fill'
  /usr/lib/ruby/1.9.2/net/protocol.rb:116:in `readuntil'
  /usr/lib/ruby/1.9.2/net/protocol.rb:126:in `readline'
  /usr/lib/ruby/1.9.2/net/http.rb:2211:in `read_status_line'
  /usr/lib/ruby/1.9.2/net/http.rb:2200:in `read_new'
  /usr/lib/ruby/1.9.2/net/http.rb:1183:in `transport_request'
  /usr/lib/ruby/1.9.2/net/http.rb:1169:in `request'
  /usr/lib/ruby/1.9.2/net/http.rb:1073:in `request_get'
  /usr/lib/ruby/1.9.2/net/http.rb:394:in `block in get_response'
  /usr/lib/ruby/1.9.2/net/http.rb:627:in `start'
  /usr/lib/ruby/1.9.2/net/http.rb:393:in `get_response'
  app/controllers/hello_controller.rb:4:in `world'
  <internal:prelude>:10:in `synchronize'
  thin (1.5.0) lib/thin/connection.rb:81:in `block in pre_process'
  thin (1.5.0) lib/thin/connection.rb:79:in `catch'
  thin (1.5.0) lib/thin/connection.rb:79:in `pre_process'
  thin (1.5.0) lib/thin/connection.rb:54:in `process'
  thin (1.5.0) lib/thin/connection.rb:39:in `receive_data'
  eventmachine (1.0.0) lib/eventmachine.rb:187:in `run_machine'
  eventmachine (1.0.0) lib/eventmachine.rb:187:in `run'
  thin (1.5.0) lib/thin/backends/base.rb:63:in `start'
  thin (1.5.0) lib/thin/server.rb:159:in `start'
  thin (1.5.0) lib/thin/controllers/controller.rb:86:in `start'
  thin (1.5.0) lib/thin/runner.rb:187:in `run_command'
  thin (1.5.0) lib/thin/runner.rb:152:in `run!'
  thin (1.5.0) bin/thin:6:in `<top (required)>'
  /home/ntrlabs/workspace/gems/ruby/1.9.2/bin/thin:19:in `load'
  /home/ntrlabs/workspace/gems/ruby/1.9.2/bin/thin:19:in `<main>'

Rendered rescues/_trace (50.6ms)
Rendered rescues/_request_and_response (3.3ms)
Rendering rescues/layout (internal_server_error)


Processing HelloController#world (for 192.168.0.196 at 2012-12-18 15:20:12) [GET]

NameError (uninitialized constant EventMachine::HttpRequest):
  app/controllers/hello_controller.rb:4:in `world'
  <internal:prelude>:10:in `synchronize'
  thin (1.5.0) lib/thin/connection.rb:81:in `block in pre_process'
  thin (1.5.0) lib/thin/connection.rb:79:in `catch'
  thin (1.5.0) lib/thin/connection.rb:79:in `pre_process'
  thin (1.5.0) lib/thin/connection.rb:54:in `process'
  thin (1.5.0) lib/thin/connection.rb:39:in `receive_data'
  eventmachine (1.0.0) lib/eventmachine.rb:187:in `run_machine'
  eventmachine (1.0.0) lib/eventmachine.rb:187:in `run'
  thin (1.5.0) lib/thin/backends/base.rb:63:in `start'
  thin (1.5.0) lib/thin/server.rb:159:in `start'
  thin (1.5.0) lib/thin/controllers/controller.rb:86:in `start'
  thin (1.5.0) lib/thin/runner.rb:187:in `run_command'
  thin (1.5.0) lib/thin/runner.rb:152:in `run!'
  thin (1.5.0) bin/thin:6:in `<top (required)>'
  /home/ntrlabs/workspace/gems/ruby/1.9.2/bin/thin:19:in `load'
  /home/ntrlabs/workspace/gems/ruby/1.9.2/bin/thin:19:in `<main>'

Rendered rescues/_trace (52.6ms)
Rendered rescues/_request_and_response (2.4ms)
Rendering rescues/layout (internal_server_error)


Processing HelloController#world (for 192.168.0.196 at 2012-12-18 15:20:27) [GET]

NoMethodError (undefined method `body' for #<EventMachine::HttpClient:0xb801fb4>):
  app/controllers/hello_controller.rb:6:in `world'
  <internal:prelude>:10:in `synchronize'
  thin (1.5.0) lib/thin/connection.rb:81:in `block in pre_process'
  thin (1.5.0) lib/thin/connection.rb:79:in `catch'
  thin (1.5.0) lib/thin/connection.rb:79:in `pre_process'
  thin (1.5.0) lib/thin/connection.rb:54:in `process'
  thin (1.5.0) lib/thin/connection.rb:39:in `receive_data'
  eventmachine (1.0.0) lib/eventmachine.rb:187:in `run_machine'
  eventmachine (1.0.0) lib/eventmachine.rb:187:in `run'
  thin (1.5.0) lib/thin/backends/base.rb:63:in `start'
  thin (1.5.0) lib/thin/server.rb:159:in `start'
  thin (1.5.0) lib/thin/controllers/controller.rb:86:in `start'
  thin (1.5.0) lib/thin/runner.rb:187:in `run_command'
  thin (1.5.0) lib/thin/runner.rb:152:in `run!'
  thin (1.5.0) bin/thin:6:in `<top (required)>'
  /home/ntrlabs/workspace/gems/ruby/1.9.2/bin/thin:19:in `load'
  /home/ntrlabs/workspace/gems/ruby/1.9.2/bin/thin:19:in `<main>'

Rendered rescues/_trace (44.7ms)
Rendered rescues/_request_and_response (0.7ms)
Rendering rescues/layout (internal_server_error)


Processing HelloController#world2 (for 10.3.0.101 at 2012-12-18 15:20:28) [GET]
Completed in 5ms (View: 2, DB: 0) | 200 OK [http://10.3.0.101/hello/world2]


Processing HelloController#world (for 192.168.0.196 at 2012-12-18 15:20:40) [GET]
Completed in 5ms (View: 1, DB: 0) | 200 OK [http://10.3.0.101/hello/world]


Processing HelloController#world2 (for 10.3.0.101 at 2012-12-18 15:20:40) [GET]
Completed in 5ms (View: 2, DB: 0) | 200 OK [http://10.3.0.101/hello/world2]


Processing HelloController#world (for 192.168.0.196 at 2012-12-18 15:23:41) [GET]
Completed in 7ms (View: 1, DB: 0) | 200 OK [http://10.3.0.101/hello/world]


Processing HelloController#world2 (for 10.3.0.101 at 2012-12-18 15:23:41) [GET]
Completed in 5ms (View: 1, DB: 0) | 200 OK [http://10.3.0.101/hello/world2]


Processing HelloController#fiber_world (for 192.168.0.196 at 2012-12-18 15:23:46) [GET]

ActionController::UnknownAction (No action responded to fiber_world. Actions: wait_world, world, and world2):
  <internal:prelude>:10:in `synchronize'
  thin (1.5.0) lib/thin/connection.rb:81:in `block in pre_process'
  thin (1.5.0) lib/thin/connection.rb:79:in `catch'
  thin (1.5.0) lib/thin/connection.rb:79:in `pre_process'
  thin (1.5.0) lib/thin/connection.rb:54:in `process'
  thin (1.5.0) lib/thin/connection.rb:39:in `receive_data'
  eventmachine (1.0.0) lib/eventmachine.rb:187:in `run_machine'
  eventmachine (1.0.0) lib/eventmachine.rb:187:in `run'
  thin (1.5.0) lib/thin/backends/base.rb:63:in `start'
  thin (1.5.0) lib/thin/server.rb:159:in `start'
  thin (1.5.0) lib/thin/controllers/controller.rb:86:in `start'
  thin (1.5.0) lib/thin/runner.rb:187:in `run_command'
  thin (1.5.0) lib/thin/runner.rb:152:in `run!'
  thin (1.5.0) bin/thin:6:in `<top (required)>'
  /home/ntrlabs/workspace/gems/ruby/1.9.2/bin/thin:19:in `load'
  /home/ntrlabs/workspace/gems/ruby/1.9.2/bin/thin:19:in `<main>'

Rendering rescues/layout (not_found)


Processing HelloController#fiber_world (for 192.168.0.196 at 2012-12-18 15:24:01) [GET]

NoMethodError (undefined method `current' for Fiber:Class):
  app/controllers/hello_controller.rb:15:in `block in fiber_world'

Rendered rescues/_trace (1.3ms)
Rendered rescues/_request_and_response (0.1ms)
Rendering rescues/layout (internal_server_error)


Processing HelloController#fiber_world (for 192.168.0.196 at 2012-12-18 15:24:26) [GET]

ActionView::MissingTemplate (Missing template hello/fiber_world.erb in view path /home/ntrlabs/workspace/async-rails-2.3.8/app/views):
  <internal:prelude>:10:in `synchronize'
  thin (1.5.0) lib/thin/connection.rb:81:in `block in pre_process'
  thin (1.5.0) lib/thin/connection.rb:79:in `catch'
  thin (1.5.0) lib/thin/connection.rb:79:in `pre_process'
  thin (1.5.0) lib/thin/connection.rb:54:in `process'
  thin (1.5.0) lib/thin/connection.rb:39:in `receive_data'
  eventmachine (1.0.0) lib/eventmachine.rb:187:in `run_machine'
  eventmachine (1.0.0) lib/eventmachine.rb:187:in `run'
  thin (1.5.0) lib/thin/backends/base.rb:63:in `start'
  thin (1.5.0) lib/thin/server.rb:159:in `start'
  thin (1.5.0) lib/thin/controllers/controller.rb:86:in `start'
  thin (1.5.0) lib/thin/runner.rb:187:in `run_command'
  thin (1.5.0) lib/thin/runner.rb:152:in `run!'
  thin (1.5.0) bin/thin:6:in `<top (required)>'
  /home/ntrlabs/workspace/gems/ruby/1.9.2/bin/thin:19:in `load'
  /home/ntrlabs/workspace/gems/ruby/1.9.2/bin/thin:19:in `<main>'

Rendering rescues/layout (internal_server_error)


Processing HelloController#world2 (for 10.3.0.101 at 2012-12-18 15:24:26) [GET]
Completed in 4ms (View: 1, DB: 0) | 200 OK [http://10.3.0.101/hello/world2]


Processing HelloController#fiber_world (for 192.168.0.196 at 2012-12-18 15:25:50) [GET]

NameError (undefined local variable or method `http' for #<HelloController:0xb647444>):
  app/controllers/hello_controller.rb:22:in `fiber_world'
  <internal:prelude>:10:in `synchronize'
  thin (1.5.0) lib/thin/connection.rb:81:in `block in pre_process'
  thin (1.5.0) lib/thin/connection.rb:79:in `catch'
  thin (1.5.0) lib/thin/connection.rb:79:in `pre_process'
  thin (1.5.0) lib/thin/connection.rb:54:in `process'
  thin (1.5.0) lib/thin/connection.rb:39:in `receive_data'
  eventmachine (1.0.0) lib/eventmachine.rb:187:in `run_machine'
  eventmachine (1.0.0) lib/eventmachine.rb:187:in `run'
  thin (1.5.0) lib/thin/backends/base.rb:63:in `start'
  thin (1.5.0) lib/thin/server.rb:159:in `start'
  thin (1.5.0) lib/thin/controllers/controller.rb:86:in `start'
  thin (1.5.0) lib/thin/runner.rb:187:in `run_command'
  thin (1.5.0) lib/thin/runner.rb:152:in `run!'
  thin (1.5.0) bin/thin:6:in `<top (required)>'
  /home/ntrlabs/workspace/gems/ruby/1.9.2/bin/thin:19:in `load'
  /home/ntrlabs/workspace/gems/ruby/1.9.2/bin/thin:19:in `<main>'

Rendered rescues/_trace (45.2ms)
Rendered rescues/_request_and_response (0.8ms)
Rendering rescues/layout (internal_server_error)


Processing HelloController#world2 (for 10.3.0.101 at 2012-12-18 15:25:50) [GET]
Completed in 5ms (View: 1, DB: 0) | 200 OK [http://10.3.0.101/hello/world2]


Processing HelloController#fiber_world (for 192.168.0.196 at 2012-12-18 15:26:22) [GET]

NameError (undefined local variable or method `http' for #<HelloController:0xbec3488>):
  app/controllers/hello_controller.rb:24:in `fiber_world'
  <internal:prelude>:10:in `synchronize'
  thin (1.5.0) lib/thin/connection.rb:81:in `block in pre_process'
  thin (1.5.0) lib/thin/connection.rb:79:in `catch'
  thin (1.5.0) lib/thin/connection.rb:79:in `pre_process'
  thin (1.5.0) lib/thin/connection.rb:54:in `process'
  thin (1.5.0) lib/thin/connection.rb:39:in `receive_data'
  eventmachine (1.0.0) lib/eventmachine.rb:187:in `run_machine'
  eventmachine (1.0.0) lib/eventmachine.rb:187:in `run'
  thin (1.5.0) lib/thin/backends/base.rb:63:in `start'
  thin (1.5.0) lib/thin/server.rb:159:in `start'
  thin (1.5.0) lib/thin/controllers/controller.rb:86:in `start'
  thin (1.5.0) lib/thin/runner.rb:187:in `run_command'
  thin (1.5.0) lib/thin/runner.rb:152:in `run!'
  thin (1.5.0) bin/thin:6:in `<top (required)>'
  /home/ntrlabs/workspace/gems/ruby/1.9.2/bin/thin:19:in `load'
  /home/ntrlabs/workspace/gems/ruby/1.9.2/bin/thin:19:in `<main>'

Rendered rescues/_trace (42.5ms)
Rendered rescues/_request_and_response (0.6ms)
Rendering rescues/layout (internal_server_error)


Processing HelloController#world2 (for 10.3.0.101 at 2012-12-18 15:26:22) [GET]
Completed in 4ms (View: 1, DB: 0) | 200 OK [http://10.3.0.101/hello/world2]


Processing HelloController#fiber_world (for 192.168.0.196 at 2012-12-18 15:27:09) [GET]
Completed in 6ms (View: 1, DB: 0) | 200 OK [http://10.3.0.101/hello/fiber_world]


Processing HelloController#world2 (for 10.3.0.101 at 2012-12-18 15:27:10) [GET]
Completed in 4ms (View: 1, DB: 0) | 200 OK [http://10.3.0.101/hello/world2]


Processing HelloController#fiber_world (for 192.168.0.196 at 2012-12-18 15:29:59) [GET]

FiberError (can't yield from root fiber):
  app/controllers/hello_controller.rb:18:in `yield'
  app/controllers/hello_controller.rb:18:in `fiber_world'
  <internal:prelude>:10:in `synchronize'
  thin (1.5.0) lib/thin/connection.rb:81:in `block in pre_process'
  thin (1.5.0) lib/thin/connection.rb:79:in `catch'
  thin (1.5.0) lib/thin/connection.rb:79:in `pre_process'
  thin (1.5.0) lib/thin/connection.rb:54:in `process'
  thin (1.5.0) lib/thin/connection.rb:39:in `receive_data'
  eventmachine (1.0.0) lib/eventmachine.rb:187:in `run_machine'
  eventmachine (1.0.0) lib/eventmachine.rb:187:in `run'
  thin (1.5.0) lib/thin/backends/base.rb:63:in `start'
  thin (1.5.0) lib/thin/server.rb:159:in `start'
  thin (1.5.0) lib/thin/controllers/controller.rb:86:in `start'
  thin (1.5.0) lib/thin/runner.rb:187:in `run_command'
  thin (1.5.0) lib/thin/runner.rb:152:in `run!'
  thin (1.5.0) bin/thin:6:in `<top (required)>'
  /home/ntrlabs/workspace/gems/ruby/1.9.2/bin/thin:19:in `load'
  /home/ntrlabs/workspace/gems/ruby/1.9.2/bin/thin:19:in `<main>'

Rendered rescues/_trace (59.6ms)
Rendered rescues/_request_and_response (0.7ms)
Rendering rescues/layout (internal_server_error)


Processing HelloController#world2 (for 10.3.0.101 at 2012-12-18 15:30:00) [GET]
Completed in 5ms (View: 2, DB: 0) | 200 OK [http://10.3.0.101/hello/world2]


Processing HelloController#fiber_world (for 192.168.0.196 at 2012-12-18 15:34:07) [GET]

FiberError (can't yield from root fiber):
  app/controllers/hello_controller.rb:18:in `yield'
  app/controllers/hello_controller.rb:18:in `fiber_world'
  <internal:prelude>:10:in `synchronize'
  thin (1.5.0) lib/thin/connection.rb:81:in `block in pre_process'
  thin (1.5.0) lib/thin/connection.rb:79:in `catch'
  thin (1.5.0) lib/thin/connection.rb:79:in `pre_process'
  thin (1.5.0) lib/thin/connection.rb:54:in `process'
  thin (1.5.0) lib/thin/connection.rb:39:in `receive_data'
  eventmachine (1.0.0) lib/eventmachine.rb:187:in `run_machine'
  eventmachine (1.0.0) lib/eventmachine.rb:187:in `run'
  thin (1.5.0) lib/thin/backends/base.rb:63:in `start'
  thin (1.5.0) lib/thin/server.rb:159:in `start'
  thin (1.5.0) lib/thin/controllers/controller.rb:86:in `start'
  thin (1.5.0) lib/thin/runner.rb:187:in `run_command'
  thin (1.5.0) lib/thin/runner.rb:152:in `run!'
  thin (1.5.0) bin/thin:6:in `<top (required)>'
  /home/ntrlabs/workspace/gems/ruby/1.9.2/bin/thin:19:in `load'
  /home/ntrlabs/workspace/gems/ruby/1.9.2/bin/thin:19:in `<main>'

Rendered rescues/_trace (106.6ms)
Rendered rescues/_request_and_response (4.1ms)
Rendering rescues/layout (internal_server_error)


Processing HelloController#world2 (for 10.3.0.101 at 2012-12-18 15:34:07) [GET]
Completed in 5ms (View: 1, DB: 0) | 200 OK [http://10.3.0.101/hello/world2]


Processing HelloController#world (for 192.168.0.196 at 2012-12-18 15:34:11) [GET]
Completed in 5ms (View: 1, DB: 0) | 200 OK [http://10.3.0.101/hello/world]


Processing HelloController#world2 (for 10.3.0.101 at 2012-12-18 15:34:11) [GET]
Completed in 5ms (View: 1, DB: 0) | 200 OK [http://10.3.0.101/hello/world2]


Processing HelloController#world (for 192.168.0.196 at 2012-12-18 15:37:23) [GET]

NoMethodError (undefined method `response' for nil:NilClass):
  app/controllers/hello_controller.rb:8:in `world'
  <internal:prelude>:10:in `synchronize'
  thin (1.5.0) lib/thin/connection.rb:81:in `block in pre_process'
  thin (1.5.0) lib/thin/connection.rb:79:in `catch'
  thin (1.5.0) lib/thin/connection.rb:79:in `pre_process'
  thin (1.5.0) lib/thin/connection.rb:54:in `process'
  thin (1.5.0) lib/thin/connection.rb:39:in `receive_data'
  eventmachine (1.0.0) lib/eventmachine.rb:187:in `run_machine'
  eventmachine (1.0.0) lib/eventmachine.rb:187:in `run'
  thin (1.5.0) lib/thin/backends/base.rb:63:in `start'
  thin (1.5.0) lib/thin/server.rb:159:in `start'
  thin (1.5.0) lib/thin/controllers/controller.rb:86:in `start'
  thin (1.5.0) lib/thin/runner.rb:187:in `run_command'
  thin (1.5.0) lib/thin/runner.rb:152:in `run!'
  thin (1.5.0) bin/thin:6:in `<top (required)>'
  /home/ntrlabs/workspace/gems/ruby/1.9.2/bin/thin:19:in `load'
  /home/ntrlabs/workspace/gems/ruby/1.9.2/bin/thin:19:in `<main>'

Rendered rescues/_trace (52.3ms)
Rendered rescues/_request_and_response (1.2ms)
Rendering rescues/layout (internal_server_error)


Processing HelloController#world2 (for 10.3.0.101 at 2012-12-18 15:37:23) [GET]
Completed in 4ms (View: 1, DB: 0) | 200 OK [http://10.3.0.101/hello/world2]


Processing HelloController#world (for 192.168.0.196 at 2012-12-18 15:37:37) [GET]

NoMethodError (undefined method `response' for nil:NilClass):
  app/controllers/hello_controller.rb:8:in `world'
  <internal:prelude>:10:in `synchronize'
  thin (1.5.0) lib/thin/connection.rb:81:in `block in pre_process'
  thin (1.5.0) lib/thin/connection.rb:79:in `catch'
  thin (1.5.0) lib/thin/connection.rb:79:in `pre_process'
  thin (1.5.0) lib/thin/connection.rb:54:in `process'
  thin (1.5.0) lib/thin/connection.rb:39:in `receive_data'
  eventmachine (1.0.0) lib/eventmachine.rb:187:in `run_machine'
  eventmachine (1.0.0) lib/eventmachine.rb:187:in `run'
  thin (1.5.0) lib/thin/backends/base.rb:63:in `start'
  thin (1.5.0) lib/thin/server.rb:159:in `start'
  thin (1.5.0) lib/thin/controllers/controller.rb:86:in `start'
  thin (1.5.0) lib/thin/runner.rb:187:in `run_command'
  thin (1.5.0) lib/thin/runner.rb:152:in `run!'
  thin (1.5.0) bin/thin:6:in `<top (required)>'
  /home/ntrlabs/workspace/gems/ruby/1.9.2/bin/thin:19:in `load'
  /home/ntrlabs/workspace/gems/ruby/1.9.2/bin/thin:19:in `<main>'

Rendered rescues/_trace (44.1ms)
Rendered rescues/_request_and_response (0.6ms)
Rendering rescues/layout (internal_server_error)


Processing HelloController#world2 (for 10.3.0.101 at 2012-12-18 15:37:38) [GET]
Completed in 5ms (View: 1, DB: 0) | 200 OK [http://10.3.0.101/hello/world2]


Processing HelloController#world (for 192.168.0.196 at 2012-12-18 15:46:58) [GET]
Completed in 34ms (View: 1, DB: 0) | 200 OK [http://10.3.0.101/hello/world]


Processing HelloController#world (for 192.168.0.196 at 2012-12-18 15:49:20) [GET]
Completed in 11ms (View: 3, DB: 0) | 200 OK [http://10.3.0.101/hello/world]


Processing HelloController#world (for 192.168.0.196 at 2012-12-18 15:52:12) [GET]
Completed in 14ms (View: 6, DB: 0) | 200 OK [http://10.3.0.101/hello/world]


Processing HelloController#world (for 192.168.0.196 at 2012-12-18 15:53:14) [GET]
Completed in 10ms (View: 1, DB: 0) | 200 OK [http://10.3.0.101/hello/world]


Processing HelloController#world (for 192.168.0.196 at 2012-12-18 15:55:13) [GET]


Processing HelloController#world2 (for 10.3.0.101 at 2012-12-18 15:55:13) [GET]
Completed in 1ms (View: 1, DB: 0) | 200 OK [http://10.3.0.101/hello/world2]
Completed in 138ms (View: 0, DB: 0) | 200 OK [http://10.3.0.101/hello/world]


Processing HelloController#world (for 192.168.0.196 at 2012-12-18 15:56:05) [GET]


Processing HelloController#world2 (for 10.3.0.101 at 2012-12-18 15:56:05) [GET]
Completed in 1ms (View: 1, DB: 0) | 200 OK [http://10.3.0.101/hello/world2]
Completed in 35ms (View: 0, DB: 0) | 200 OK [http://10.3.0.101/hello/world]


Processing HelloController#world (for 192.168.0.196 at 2012-12-18 16:02:53) [GET]


Processing HelloController#world2 (for 10.3.0.101 at 2012-12-18 16:02:53) [GET]
Completed in 1ms (View: 1, DB: 0) | 200 OK [http://10.3.0.101/hello/world2]
Completed in 158ms (View: 0, DB: 0) | 200 OK [http://10.3.0.101/hello/world]
